<?xml version="1.0" encoding="UTF-8"?>
<robot generator="Robot 5.0 (Python 3.8.3 on win32)" generated="20220420 22:11:11.231" rpa="false" schemaversion="3">
<suite id="s1" name="Consulta Google" source="C:\Users\prisc\PycharmProjects\133PetsRobotFramework\consulta_google.robot">
<test id="s1-t1" name="Consulta Google" line="9">
<status status="FAIL" starttime="20220420 22:11:12.198" endtime="20220420 22:11:12.206">Test contains no keywords.</status>
</test>
<test id="s1-t2" name="Test title" line="10">
<kw name="Acessar o Chrome na página &lt;https://www.google.com.br&gt;">
<msg timestamp="20220420 22:11:12.225" level="FAIL">No keyword with name 'Acessar o Chrome na página &lt;https://www.google.com.br&gt;' found.</msg>
<status status="FAIL" starttime="20220420 22:11:12.225" endtime="20220420 22:11:12.225"/>
</kw>
<kw name="Digitar na pesquisa &quot;Ovo de Páscoa&quot; na pesquisa" sourcename="Digitar ${palavra_chave} na pesquisa">
<status status="NOT RUN" starttime="20220420 22:11:12.227" endtime="20220420 22:11:12.227"/>
</kw>
<kw name="Validar se aparece no título da guia o resultado esperado">
<status status="NOT RUN" starttime="20220420 22:11:12.227" endtime="20220420 22:11:12.227"/>
</kw>
<kw name="Fechar o browser">
<status status="NOT RUN" starttime="20220420 22:11:12.228" endtime="20220420 22:11:12.228"/>
</kw>
<tag>rapido</tag>
<status status="FAIL" starttime="20220420 22:11:12.211" endtime="20220420 22:11:12.228">No keyword with name 'Acessar o Chrome na página &lt;https://www.google.com.br&gt;' found.</status>
</test>
<doc>Teste de consulta no buscador Google
abre o navegador Chrome
e realiza a consulta</doc>
<status status="FAIL" starttime="20220420 22:11:11.240" endtime="20220420 22:11:12.233"/>
</suite>
<statistics>
<total>
<stat pass="0" fail="2" skip="0">All Tests</stat>
</total>
<tag>
<stat pass="0" fail="1" skip="0">rapido</stat>
</tag>
<suite>
<stat pass="0" fail="2" skip="0" id="s1" name="Consulta Google">Consulta Google</stat>
</suite>
</statistics>
<errors>
</errors>
</robot>
